200	212.0	 0	22329.0
400	454.0	 0	22329.0
600	697.0	 0	22329.0
800	1186.5	 0	22329.0
1000	2815.375	 0	22329.0
1200	10266.234848484848	 0	22329.0
1400	11297.75	 0	22329.0
1600	12404.295454545454	 0	22329.0
1800	19527.505530196628	 0	22329.0
2000	19527.505530196628	 0	22329.0
2200	19527.505530196628	 0	22329.0
2400	21299.006570988502	 0	22329.0
2600	21763.370703544337	 0	22329.0
2800	22094.383288736026	 0	22329.0
3000	22143.62628313971	 0	22329.0
3200	22143.62628313971	 0	22329.0
3400	22061.0415106319	 0	22329.0
3600	22218.68389858344	 0	22328.999999999996
3800	22278.334520932065	 0	22329.0
4000	22292.11902883574	 0	22329.0
4200	22309.22478710814	 0	22329.0
4400	22323.94610189739	 0	22329.000000000004
4600	22339.0182080117	 0	22328.999999999993
4800	22338.69692925282	 0	22328.999999999996
5000	22338.69692925282	 0	22329.000000000007
5200	22338.69692925282	 0	22328.99999999999
5400	22337.326721578338	 0	22329.00000000002
5600	22333.571747112524	 0	22328.999999999996
5800	22333.571747112524	 0	22329.000000000015
6000	22333.571747112524	 0	22329.0
6200	22333.571747112524	 0	22328.999999999996
6400	22329.939021532384	 0	22329.0
6600	22329.07805322712	 0	22329.000000000004
6800	22328.86102859864	 0	22329.00000000001
7000	22329.04542192633	 0	22329.000000000004
7200	22329.023339887888	 0	22329.000000000004
7400	22329.08049637181	 0	22329.000000000004
7600	22329.001017712282	 0	22328.999999999996
7800	22329.005271267633	 0	22329.0
8000	22329.010797815707	 0	22329.000000000004
8200	22329.014218625452	 0	22329.000000000004
8400	22329.014218625452	 0	22329.00000000001
8600	22329.014218625452	 0	22329.000000000007
8800	22329.014218625452	 0	22328.999999999993
9000	22329.007815299305	 0	22329.0
9200	22329.007815299305	 0	22328.999999999996
9400	22329.001295527894	 0	22328.999999999993
9600	22329.001295527894	 0	22329.00000000001
9800	22329.00055554614	 0	22328.999999999996
10000	22328.999703284793	 0	22329.0
10200	22328.999876511407	 0	22329.000000000007
10400	22328.999876511407	 0	22329.0
10600	22328.99996000169	 0	22328.999999999993
10800	22328.99992117849	 0	22329.00000000001
11000	22328.99992117849	 0	22328.999999999996
11200	22328.99992117849	 0	22329.0
11400	22328.999966775657	 0	22328.999999999996
11600	22328.99997964081	 0	22329.000000000004
11800	22328.99997964081	 0	22329.000000000004
12000	22328.999999277217	 0	22329.000000000007
12200	22329.00000473622	 0	22329.000000000007
12400	22329.000004313646	 0	22328.999999999993
12600	22329.00000428315	 0	22329.0
12800	22329.00000219383	 0	22329.000000000007
13000	22329.000000485397	 0	22329.00000000001
13200	22329.000000354732	 0	22328.999999999993
13400	22329.000000272452	 0	22328.999999999996
13600	22329.00000018538	 0	22328.999999999996
13800	22329.00000018538	 0	22329.000000000004
14000	22329.00000018538	 0	22328.999999999993
14200	22329.00000018538	 0	22329.000000000007
14400	22329.00000005863	 0	22329.000000000007
14600	22329.00000005863	 0	22329.000000000015
14800	22329.00000005863	 0	22329.0
15000	22329.00000005863	 0	22328.999999999993
15200	22329.00000000788	 0	22329.000000000004
15400	22329.00000000788	 0	22329.000000000007
15600	22329.000000001783	 0	22329.00000000001
15800	22329.000000001783	 0	22329.00000000001
16000	22329.0000000014	 0	22329.000000000007
16200	22329.000000001357	 0	22329.000000000004
16400	22329.000000001357	 0	22329.000000000007
16600	22329.00000000104	 0	22329.000000000015
16800	22329.00000000104	 0	22328.999999999996
17000	22329.000000000473	 0	22329.000000000007
17200	22328.999999999556	 0	22329.00000000001
17400	22328.999999999618	 0	22329.0
17600	22328.999999999945	 0	22329.000000000007
17800	22328.999999999945	 0	22329.000000000004
18000	22329.000000000033	 0	22329.00000000001
18200	22329.000000000033	 0	22329.000000000004
18400	22329.000000000025	 0	22329.0
18600	22329.000000000022	 0	22329.0
18800	22329.000000000022	 0	22328.999999999996
19000	22329.00000000001	 0	22329.000000000004
19200	22329.000000000007	 0	22329.000000000004
19400	22329.000000000004	 0	22329.0
19600	22329.000000000004	 0	22328.99999999999
19800	22329.000000000004	 0	22329.000000000004
20000	22329.000000000004	 0	22328.999999999993
20200	22329.000000000007	 0	22329.000000000007
20400	22329.000000000007	 0	22328.999999999993
20600	22329.000000000007	 0	22329.000000000015
20800	22329.000000000007	 0	22329.000000000007
21000	22329.00000000001	 0	22328.999999999993
21200	22329.000000000004	 0	22328.999999999996
21400	22329.00000000001	 0	22329.000000000015
21600	22329.00000000001	 0	22329.000000000015
21800	22329.00000000001	 0	22329.000000000022
22000	22329.00000000001	 0	22328.999999999996
22200	22329.00000000001	 0	22329.0
22400	22329.00000000001	 0	22329.000000000007
22600	22329.000000000007	 0	22329.000000000004
22800	22329.000000000007	 0	22328.999999999996
23000	22329.000000000007	 0	22329.00000000001
23200	22329.000000000007	 0	22328.99999999999
23400	22329.000000000007	 0	22329.00000000001
23600	22329.000000000007	 0	22329.0
23800	22329.000000000004	 0	22329.000000000004
24000	22329.000000000007	 0	22329.000000000007
24200	22329.000000000007	 0	22329.000000000015
24400	22329.000000000007	 0	22329.000000000007
24600	22329.000000000007	 0	22329.000000000004
24800	22329.000000000007	 0	22329.000000000007
25000	22329.000000000007	 0	22328.99999999999
25200	22329.000000000007	 0	22329.00000000001
25400	22329.00000000001	 0	22329.000000000007
25600	22329.000000000007	 0	22329.000000000004
25800	22329.000000000004	 0	22329.000000000015
26000	22329.000000000007	 0	22329.000000000004
26200	22329.000000000007	 0	22329.000000000007
26400	22329.00000000001	 0	22328.999999999993
26600	22329.00000000001	 0	22329.000000000004
26800	22329.000000000007	 0	22328.999999999993
27000	22329.000000000007	 0	22329.000000000007
27200	22329.000000000007	 0	22329.000000000007
27400	22329.000000000004	 0	22329.0
27600	22329.0	 0	22328.999999999996
27800	22329.000000000004	 0	22329.0
28000	22329.000000000004	 0	22329.000000000004
28200	22329.000000000007	 0	22329.000000000004
28400	22329.000000000007	 0	22329.000000000004
28600	22329.00000000001	 0	22329.000000000004
28800	22329.00000000001	 0	22329.000000000004
29000	22329.000000000004	 0	22329.0
29200	22329.000000000007	 0	22329.000000000007
29400	22329.000000000004	 0	22329.0
29600	22329.000000000004	 0	22329.000000000004
29800	22329.000000000007	 0	22329.000000000004
30000	22329.000000000015	 0	22329.000000000007
30200	22329.00000000001	 0	22328.999999999996
30400	22329.00000000001	 0	22329.0
30600	22329.00000000001	 0	22329.000000000004
30800	22329.000000000004	 0	22329.000000000007
31000	22329.000000000007	 0	22329.00000000001
31200	22329.00000000001	 0	22329.000000000004
31400	22329.00000000001	 0	22328.99999999999
31600	22329.000000000007	 0	22329.000000000004
31800	22329.000000000007	 0	22329.000000000004
32000	22329.000000000007	 0	22329.00000000001
32200	22329.000000000007	 0	22328.999999999996
32400	22329.000000000004	 0	22329.0
32600	22329.000000000007	 0	22329.0
32800	22329.00000000001	 0	22329.000000000015
33000	22329.00000000001	 0	22328.999999999996
33200	22329.000000000007	 0	22329.0
33400	22329.00000000001	 0	22328.999999999993
33600	22329.000000000007	 0	22329.0
33800	22329.00000000001	 0	22329.000000000007
34000	22329.000000000004	 0	22329.00000000001
34200	22329.000000000007	 0	22329.0
34400	22329.000000000007	 0	22329.000000000007
34600	22329.000000000007	 0	22328.99999999998
34800	22329.000000000004	 0	22329.000000000004
35000	22329.000000000004	 0	22328.999999999996
35200	22329.000000000004	 0	22329.00000000002
35400	22329.000000000007	 0	22328.999999999996
35600	22329.000000000007	 0	22329.000000000004
35800	22329.000000000007	 0	22329.000000000007
36000	22329.000000000007	 0	22329.00000000001
36200	22329.00000000001	 0	22328.999999999996
36400	22329.00000000001	 0	22328.999999999996
36600	22329.00000000001	 0	22329.000000000004
36800	22329.00000000001	 0	22328.999999999993
37000	22329.00000000001	 0	22328.999999999996
37200	22329.00000000001	 0	22328.999999999996
37400	22329.000000000007	 0	22329.0
37600	22329.000000000007	 0	22329.00000000001
37800	22329.00000000001	 0	22329.0
38000	22329.000000000015	 0	22329.000000000007
38200	22329.000000000015	 0	22329.00000000002
38400	22329.000000000015	 0	22328.999999999996
38600	22329.000000000007	 0	22329.000000000015
38800	22329.000000000007	 0	22329.000000000004
39000	22329.00000000001	 0	22329.0
39200	22329.000000000015	 0	22329.000000000007
39400	22329.000000000015	 0	22329.000000000007
39600	22329.000000000004	 0	22328.999999999996
39800	22329.000000000007	 0	22328.999999999996
40000	22329.000000000015	 0	22329.00000000001
40200	22329.00000000001	 0	22329.0
40400	22329.000000000007	 0	22329.000000000015
40600	22329.000000000007	 0	22329.000000000007
40800	22329.000000000007	 0	22328.999999999993
41000	22329.000000000007	 0	22329.000000000015
41200	22329.000000000004	 0	22329.000000000015
41400	22329.000000000007	 0	22329.000000000004
41600	22329.000000000007	 0	22328.999999999996
41800	22329.000000000007	 0	22329.000000000004
42000	22329.000000000007	 0	22329.00000000002
42200	22329.000000000007	 0	22328.999999999996
42400	22329.00000000001	 0	22329.00000000001
42600	22329.00000000001	 0	22329.0
42800	22329.00000000001	 0	22329.00000000001
43000	22329.00000000001	 0	22329.000000000007
43200	22329.000000000007	 0	22329.00000000001
43400	22329.000000000007	 0	22329.000000000007
43600	22329.000000000007	 0	22329.00000000001
43800	22329.000000000007	 0	22329.000000000015
44000	22329.000000000007	 0	22329.000000000007
44200	22329.00000000001	 0	22329.0
44400	22329.00000000001	 0	22329.000000000007
44600	22329.000000000004	 0	22329.000000000004
44800	22329.000000000004	 0	22329.000000000007
45000	22329.000000000004	 0	22329.000000000004
45200	22329.000000000004	 0	22328.999999999996
45400	22329.000000000004	 0	22329.000000000015
45600	22329.0	 0	22328.999999999993
45800	22329.0	 0	22329.000000000004
46000	22329.000000000004	 0	22328.999999999993
46200	22329.000000000004	 0	22329.000000000004
46400	22329.000000000004	 0	22329.000000000004
46600	22329.000000000004	 0	22329.000000000004
46800	22329.00000000001	 0	22329.0
47000	22329.00000000001	 0	22329.000000000007
47200	22329.000000000007	 0	22328.999999999996
47400	22329.000000000004	 0	22329.00000000001
47600	22329.000000000004	 0	22329.000000000007
47800	22329.0	 0	22329.0
48000	22329.0	 0	22329.000000000004
48200	22329.0	 0	22329.000000000004
48400	22329.0	 0	22329.000000000004
48600	22329.0	 0	22329.000000000004
48800	22329.000000000004	 0	22329.000000000004
49000	22329.000000000007	 0	22328.999999999993
49200	22329.00000000001	 0	22328.999999999996
49400	22329.000000000004	 0	22329.0
49600	22329.000000000004	 0	22329.0
49800	22329.000000000004	 0	22329.000000000004
50000	22329.000000000004	 0	22329.0
50200	22329.000000000004	 0	22329.0
50400	22329.000000000004	 0	22329.000000000007
50600	22329.000000000007	 0	22329.0
50800	22329.000000000007	 0	22328.999999999996
51000	22329.000000000015	 0	22329.000000000007
51200	22329.000000000015	 0	22329.00000000001
51400	22329.000000000015	 0	22329.0
51600	22329.00000000001	 0	22328.999999999993
51800	22329.00000000001	 0	22329.000000000004
52000	22329.00000000001	 0	22329.000000000004
52200	22329.00000000001	 0	22329.000000000007
52400	22329.000000000015	 0	22329.000000000007
52600	22329.000000000007	 0	22329.00000000002
52800	22329.000000000007	 0	22329.00000000001
53000	22329.000000000007	 0	22329.000000000004
53200	22329.000000000007	 0	22329.000000000007
53400	22329.000000000007	 0	22328.999999999996
53600	22329.000000000007	 0	22329.0
53800	22329.00000000001	 0	22329.000000000004
54000	22329.00000000001	 0	22329.0
54200	22329.000000000004	 0	22329.000000000007
54400	22329.000000000004	 0	22328.99999999999
54600	22329.000000000007	 0	22329.0
54800	22329.000000000007	 0	22328.999999999993
55000	22329.000000000007	 0	22329.0
55200	22329.00000000001	 0	22328.999999999996
55400	22329.00000000001	 0	22328.999999999996
55600	22329.000000000015	 0	22329.000000000007
55800	22329.000000000007	 0	22329.000000000004
56000	22329.00000000001	 0	22329.0
56200	22329.000000000007	 0	22329.00000000002
56400	22329.00000000001	 0	22329.00000000001
56600	22329.00000000001	 0	22329.000000000004
56800	22329.00000000001	 0	22329.000000000004
57000	22329.000000000007	 0	22329.000000000004
57200	22329.00000000001	 0	22328.999999999996
57400	22329.00000000001	 0	22328.999999999996
57600	22329.000000000004	 0	22329.000000000007
57800	22329.000000000004	 0	22329.000000000007
58000	22329.000000000004	 0	22329.000000000004
58200	22329.000000000007	 0	22329.000000000004
58400	22329.000000000007	 0	22329.000000000004
58600	22329.00000000001	 0	22329.000000000007
58800	22329.00000000001	 0	22329.000000000004
59000	22329.00000000001	 0	22329.0
59200	22329.00000000001	 0	22328.999999999996
59400	22329.00000000001	 0	22329.000000000022
59600	22329.000000000007	 0	22328.999999999996
59800	22329.00000000001	 0	22329.0
60000	22329.000000000007	 0	22328.99999999999
60200	22329.000000000007	 0	22329.00000000001
60400	22329.000000000007	 0	22328.999999999996
60600	22329.000000000004	 0	22329.000000000004
60800	22329.000000000004	 0	22329.000000000004
61000	22329.000000000015	 0	22328.999999999996
61200	22329.000000000015	 0	22329.0
61400	22329.00000000001	 0	22329.00000000001
61600	22329.00000000001	 0	22329.000000000007
61800	22329.00000000001	 0	22328.99999999999
62000	22329.00000000001	 0	22329.000000000007
62200	22329.00000000001	 0	22329.00000000001
62400	22329.00000000001	 0	22329.000000000015
62600	22329.000000000007	 0	22329.0
62800	22329.000000000007	 0	22329.000000000007
63000	22329.00000000001	 0	22329.00000000001
63200	22329.00000000001	 0	22328.999999999996
63400	22329.00000000001	 0	22329.0
63600	22329.00000000001	 0	22329.000000000007
63800	22329.000000000007	 0	22329.00000000001
64000	22329.000000000007	 0	22328.999999999996
64200	22329.000000000007	 0	22329.000000000015
64400	22329.000000000007	 0	22329.0
64600	22329.000000000007	 0	22328.999999999985
64800	22329.000000000004	 0	22329.000000000007
65000	22329.000000000007	 0	22329.0
65200	22329.000000000007	 0	22329.000000000007
65400	22329.00000000001	 0	22329.000000000004
65600	22329.00000000001	 0	22328.999999999996
65800	22329.00000000001	 0	22329.0
66000	22329.00000000001	 0	22329.000000000004
66200	22329.00000000001	 0	22329.000000000007
66400	22329.000000000007	 0	22329.000000000007
66600	22329.000000000007	 0	22329.0
66800	22329.000000000007	 0	22329.000000000015
67000	22329.000000000007	 0	22329.000000000015
67200	22329.000000000007	 0	22329.000000000004
67400	22329.000000000004	 0	22329.000000000007
67600	22329.000000000004	 0	22328.999999999996
67800	22329.000000000007	 0	22329.00000000001
68000	22329.000000000007	 0	22329.00000000001
68200	22329.000000000007	 0	22329.000000000007
68400	22329.00000000001	 0	22329.0
68600	22329.00000000001	 0	22329.00000000001
68800	22329.00000000001	 0	22329.000000000007
69000	22329.00000000001	 0	22329.000000000004
69200	22329.00000000001	 0	22329.0
69400	22329.00000000001	 0	22329.000000000004
69600	22329.00000000001	 0	22329.00000000001
69800	22329.00000000001	 0	22329.00000000001
70000	22329.000000000007	 0	22329.000000000007
70200	22329.00000000001	 0	22328.999999999985
70400	22329.00000000001	 0	22329.000000000007
70600	22329.00000000001	 0	22329.000000000015
70800	22329.00000000001	 0	22329.000000000007
71000	22329.00000000001	 0	22328.99999999999
71200	22329.000000000015	 0	22329.000000000022
71400	22329.000000000015	 0	22328.999999999996
71600	22329.000000000007	 0	22329.000000000004
71800	22329.00000000001	 0	22329.000000000015
72000	22329.00000000001	 0	22329.0
72200	22329.00000000001	 0	22329.00000000002
72400	22329.00000000001	 0	22329.0
72600	22329.00000000001	 0	22329.000000000015
72800	22329.000000000007	 0	22329.0
73000	22329.000000000007	 0	22329.00000000001
73200	22329.00000000001	 0	22329.000000000004
73400	22329.00000000001	 0	22328.999999999985
73600	22329.00000000001	 0	22329.000000000022
73800	22329.000000000015	 0	22329.0
74000	22329.000000000015	 0	22328.999999999996
74200	22329.000000000015	 0	22328.999999999996
74400	22329.000000000015	 0	22329.00000000001
74600	22329.000000000015	 0	22329.000000000007
74800	22329.000000000015	 0	22329.00000000002
75000	22329.000000000015	 0	22328.999999999996
75200	22329.00000000002	 0	22329.000000000004
75400	22329.00000000001	 0	22329.000000000004
75600	22329.00000000001	 0	22328.999999999996
75800	22329.00000000001	 0	22329.00000000002
76000	22329.000000000015	 0	22329.00000000001
76200	22329.000000000015	 0	22328.999999999996
76400	22329.000000000015	 0	22329.000000000007
76600	22329.000000000015	 0	22329.000000000004
76800	22329.000000000015	 0	22329.000000000004
77000	22329.000000000015	 0	22329.00000000001
77200	22329.000000000015	 0	22328.99999999999
77400	22329.000000000015	 0	22329.00000000001
77600	22329.000000000015	 0	22329.0
77800	22329.000000000015	 0	22329.0
78000	22329.000000000015	 0	22329.00000000003
78200	22329.000000000015	 0	22329.00000000002
78400	22329.000000000015	 0	22329.0
78600	22329.000000000015	 0	22329.0
78800	22329.000000000015	 0	22328.999999999996
79000	22329.000000000015	 0	22329.0
79200	22329.00000000001	 0	22329.00000000001
79400	22329.000000000004	 0	22329.00000000002
79600	22329.00000000001	 0	22329.000000000007
79800	22329.00000000001	 0	22329.00000000001
80000	22329.000000000007	 0	22329.000000000004
80200	22329.000000000007	 0	22329.00000000001
80400	22329.000000000007	 0	22329.000000000004
80600	22329.00000000001	 0	22329.000000000015
80800	22329.00000000001	 0	22329.000000000007
81000	22329.00000000001	 0	22329.000000000015
81200	22329.000000000015	 0	22329.000000000007
81400	22329.000000000015	 0	22329.000000000004
81600	22329.000000000007	 0	22329.00000000001
81800	22329.000000000007	 0	22329.000000000007
82000	22329.00000000001	 0	22329.0
82200	22329.00000000001	 0	22328.999999999993
82400	22329.000000000015	 0	22329.000000000007
82600	22329.000000000015	 0	22328.999999999996
82800	22329.000000000015	 0	22329.000000000007
83000	22329.000000000007	 0	22329.000000000004
83200	22329.000000000007	 0	22329.000000000007
83400	22329.000000000007	 0	22329.000000000007
83600	22329.000000000007	 0	22329.000000000015
83800	22329.000000000015	 0	22329.000000000015
84000	22329.000000000015	 0	22329.000000000015
84200	22329.00000000001	 0	22329.00000000001
84400	22329.00000000001	 0	22328.999999999996
84600	22329.000000000015	 0	22329.000000000007
84800	22329.000000000015	 0	22329.0
85000	22329.00000000001	 0	22329.000000000007
85200	22329.00000000001	 0	22329.000000000004
85400	22329.000000000015	 0	22329.000000000015
85600	22329.000000000015	 0	22328.999999999996
85800	22329.000000000015	 0	22329.00000000001
86000	22329.000000000007	 0	22329.0
86200	22329.000000000007	 0	22329.000000000004
86400	22329.000000000007	 0	22329.000000000015
86600	22329.00000000001	 0	22329.00000000001
86800	22329.000000000015	 0	22329.000000000004
87000	22329.00000000001	 0	22329.0
87200	22329.00000000001	 0	22329.00000000002
87400	22329.00000000001	 0	22329.0
87600	22329.00000000001	 0	22329.00000000001
87800	22329.00000000001	 0	22329.0
88000	22329.00000000001	 0	22329.000000000007
88200	22329.00000000001	 0	22329.0
88400	22329.00000000001	 0	22329.0
88600	22329.00000000001	 0	22329.000000000004
88800	22329.00000000001	 0	22328.999999999996
89000	22329.00000000001	 0	22328.999999999996
89200	22329.00000000001	 0	22329.00000000002
89400	22329.00000000001	 0	22328.999999999993
89600	22329.000000000015	 0	22329.000000000007
89800	22329.00000000001	 0	22328.99999999999
90000	22329.000000000007	 0	22329.000000000007
90200	22329.000000000007	 0	22329.0
90400	22329.000000000007	 0	22329.0
90600	22329.00000000001	 0	22328.999999999996
90800	22329.000000000007	 0	22329.000000000007
91000	22329.000000000007	 0	22329.0
91200	22329.00000000001	 0	22329.000000000004
91400	22329.000000000007	 0	22328.999999999996
91600	22329.000000000007	 0	22329.000000000007
91800	22329.000000000007	 0	22328.999999999996
92000	22329.000000000007	 0	22329.0
92200	22329.000000000007	 0	22329.000000000004
92400	22329.000000000007	 0	22329.0
92600	22329.000000000007	 0	22329.000000000004
92800	22329.000000000007	 0	22329.000000000015
93000	22329.000000000007	 0	22329.000000000004
93200	22329.00000000001	 0	22329.000000000004
93400	22329.00000000001	 0	22329.00000000001
93600	22329.000000000004	 0	22329.000000000004
93800	22329.00000000001	 0	22328.999999999993
94000	22329.000000000007	 0	22329.000000000004
94200	22329.000000000007	 0	22329.000000000007
94400	22329.000000000007	 0	22329.00000000001
94600	22329.000000000007	 0	22329.00000000001
94800	22329.00000000001	 0	22328.999999999996
95000	22329.000000000007	 0	22328.999999999993
95200	22329.00000000001	 0	22329.0
95400	22329.00000000001	 0	22329.0
95600	22329.000000000015	 0	22329.000000000007
95800	22329.00000000001	 0	22328.99999999999
96000	22329.00000000001	 0	22328.999999999993
96200	22329.000000000015	 0	22329.000000000015
96400	22329.000000000007	 0	22328.999999999996
96600	22329.00000000001	 0	22329.00000000001
96800	22329.00000000001	 0	22329.000000000007
97000	22329.000000000007	 0	22328.999999999993
97200	22329.000000000007	 0	22329.0
97400	22329.000000000007	 0	22329.000000000007
97600	22329.00000000001	 0	22329.000000000007
97800	22329.00000000001	 0	22328.999999999993
98000	22329.00000000001	 0	22329.000000000007
98200	22329.000000000015	 0	22329.00000000001
98400	22329.00000000001	 0	22329.0
98600	22329.00000000001	 0	22329.00000000001
98800	22329.00000000001	 0	22329.000000000004
99000	22329.000000000015	 0	22329.000000000007
99200	22329.000000000015	 0	22329.0
99400	22329.000000000015	 0	22329.000000000007
99600	22329.00000000001	 0	22329.00000000001
99800	22329.00000000001	 0	22329.0
100000	22329.00000000001	 0	22329.000000000004
100200	22329.00000000001	 0	22329.0
100400	22329.00000000001	 0	22329.0
100600	22329.00000000001	 0	22329.00000000002
100800	22329.00000000001	 0	22329.00000000001
101000	22329.000000000015	 0	22329.000000000004
101200	22329.000000000007	 0	22328.999999999993
101400	22329.000000000007	 0	22329.000000000007
101600	22329.00000000001	 0	22329.000000000007
101800	22329.00000000001	 0	22328.99999999999
102000	22329.000000000007	 0	22329.0
102200	22329.000000000007	 0	22329.000000000004
102400	22329.00000000001	 0	22329.000000000004
102600	22329.00000000001	 0	22328.999999999996
102800	22329.00000000001	 0	22329.000000000022
103000	22329.00000000001	 0	22329.00000000001
103200	22329.000000000015	 0	22329.000000000004
103400	22329.000000000015	 0	22329.000000000007
103600	22329.00000000002	 0	22329.00000000001
103800	22329.000000000015	 0	22329.000000000004
104000	22329.000000000015	 0	22329.000000000015
104200	22329.000000000015	 0	22329.000000000004
104400	22329.000000000015	 0	22329.0
104600	22329.000000000015	 0	22328.999999999996
104800	22329.000000000015	 0	22329.000000000004
105000	22329.000000000015	 0	22329.0
105200	22329.000000000007	 0	22329.000000000007
105400	22329.000000000007	 0	22329.000000000007
105600	22329.00000000001	 0	22329.000000000007
105800	22329.000000000015	 0	22329.000000000015
106000	22329.00000000001	 0	22329.0
106200	22329.00000000001	 0	22329.000000000007
106400	22329.000000000007	 0	22329.0
106600	22329.000000000007	 0	22329.00000000001
106800	22329.00000000002	 0	22329.0
107000	22329.00000000002	 0	22329.000000000007
107200	22329.00000000002	 0	22329.00000000001
107400	22329.000000000015	 0	22328.99999999999
107600	22329.000000000007	 0	22329.0
107800	22329.00000000001	 0	22328.999999999996
108000	22329.000000000007	 0	22329.000000000004
108200	22329.000000000007	 0	22329.000000000004
108400	22329.00000000001	 0	22329.000000000004
108600	22329.000000000015	 0	22329.00000000001
108800	22329.00000000001	 0	22329.000000000015
109000	22329.00000000001	 0	22329.0
109200	22329.00000000001	 0	22329.000000000007
109400	22329.00000000001	 0	22328.99999999999
109600	22329.00000000001	 0	22329.000000000004
109800	22329.00000000001	 0	22328.999999999996
110000	22329.000000000007	 0	22329.000000000004
110200	22329.000000000007	 0	22328.99999999999
110400	22329.00000000001	 0	22329.00000000001
110600	22329.00000000001	 0	22328.999999999993
110800	22329.00000000001	 0	22329.000000000004
111000	22329.000000000015	 0	22329.00000000001
111200	22329.00000000001	 0	22328.999999999996
111400	22329.00000000001	 0	22328.999999999993
111600	22329.000000000007	 0	22329.000000000004
111800	22329.000000000007	 0	22329.000000000015
112000	22329.000000000007	 0	22329.000000000004
112200	22329.000000000004	 0	22328.999999999993
112400	22329.000000000007	 0	22329.0
112600	22329.00000000001	 0	22329.000000000015
112800	22329.00000000001	 0	22328.999999999996
113000	22329.00000000001	 0	22328.999999999985
113200	22329.000000000015	 0	22329.00000000001
113400	22329.000000000015	 0	22328.999999999993
113600	22329.00000000001	 0	22328.999999999993
113800	22329.00000000001	 0	22328.999999999996
114000	22329.00000000002	 0	22329.000000000004
114200	22329.00000000002	 0	22329.00000000001
114400	22329.00000000002	 0	22329.0
114600	22329.000000000015	 0	22329.000000000007
114800	22329.000000000015	 0	22328.999999999993
115000	22329.00000000002	 0	22329.000000000004
115200	22329.00000000002	 0	22328.999999999993
115400	22329.00000000002	 0	22328.999999999996
115600	22329.000000000015	 0	22329.000000000007
115800	22329.000000000015	 0	22329.000000000004
116000	22329.000000000015	 0	22329.000000000007
116200	22329.000000000015	 0	22329.000000000004
116400	22329.00000000002	 0	22329.00000000001
116600	22329.00000000002	 0	22329.000000000004
116800	22329.00000000002	 0	22329.00000000001
117000	22329.00000000002	 0	22328.99999999999
117200	22329.000000000015	 0	22329.000000000007
117400	22329.00000000002	 0	22328.999999999993
117600	22329.00000000002	 0	22329.000000000004
117800	22329.00000000002	 0	22329.000000000004
118000	22329.000000000015	 0	22329.0
118200	22329.000000000015	 0	22329.000000000015
118400	22329.000000000015	 0	22329.000000000007
118600	22329.000000000015	 0	22329.000000000007
118800	22329.000000000015	 0	22328.999999999996
119000	22329.000000000015	 0	22329.000000000004
119200	22329.000000000015	 0	22329.000000000004
119400	22329.000000000015	 0	22329.000000000004
119600	22329.00000000002	 0	22329.0
119800	22329.00000000002	 0	22329.00000000001
120000	22329.000000000015	 0	22328.99999999998
120200	22329.000000000015	 0	22328.999999999996
120400	22329.000000000015	 0	22328.999999999996
120600	22329.000000000015	 0	22328.99999999999
120800	22329.000000000015	 0	22329.000000000004
121000	22329.000000000015	 0	22329.0
121200	22329.000000000015	 0	22328.999999999996
121400	22329.000000000015	 0	22328.999999999996
121600	22329.00000000001	 0	22329.00000000001
121800	22329.000000000015	 0	22329.000000000004
122000	22329.000000000015	 0	22329.00000000001
122200	22329.000000000015	 0	22329.0
122400	22329.000000000015	 0	22329.00000000001
122600	22329.000000000015	 0	22329.000000000004
122800	22329.000000000015	 0	22329.000000000004
123000	22329.00000000002	 0	22329.00000000002
123200	22329.00000000002	 0	22329.0
123400	22329.00000000002	 0	22329.000000000004
123600	22329.00000000002	 0	22328.999999999996
123800	22329.00000000002	 0	22329.00000000001
124000	22329.00000000002	 0	22329.000000000007
124200	22329.00000000001	 0	22329.000000000004
124400	22329.00000000001	 0	22329.000000000004
124600	22329.00000000001	 0	22328.999999999985
124800	22329.000000000015	 0	22329.0
125000	22329.00000000002	 0	22329.0
125200	22329.000000000015	 0	22328.999999999996
125400	22329.000000000015	 0	22329.0
125600	22329.000000000015	 0	22329.0
125800	22329.000000000015	 0	22328.99999999999
126000	22329.00000000002	 0	22329.000000000007
126200	22329.000000000015	 0	22329.0
126400	22329.000000000015	 0	22329.000000000007
126600	22329.000000000015	 0	22329.000000000015
126800	22329.00000000001	 0	22329.00000000001
127000	22329.00000000001	 0	22328.999999999993
127200	22329.00000000001	 0	22328.999999999993
127400	22329.00000000001	 0	22329.000000000007
127600	22329.00000000001	 0	22329.0
127800	22329.00000000001	 0	22329.000000000004
128000	22329.00000000001	 0	22328.999999999985
128200	22329.00000000001	 0	22329.000000000007
128400	22329.00000000001	 0	22329.0
128600	22329.00000000001	 0	22329.0
128800	22329.00000000001	 0	22328.999999999996
129000	22329.00000000001	 0	22329.0
129200	22329.00000000001	 0	22329.000000000004
129400	22329.00000000001	 0	22328.999999999993
129600	22329.00000000001	 0	22329.000000000007
129800	22329.00000000001	 0	22328.999999999993
130000	22329.00000000001	 0	22329.000000000007
130200	22329.000000000015	 0	22328.999999999996
130400	22329.00000000001	 0	22328.999999999996
130600	22329.00000000001	 0	22328.999999999996
130800	22329.00000000001	 0	22328.999999999993
131000	22329.00000000001	 0	22328.999999999996
131200	22329.000000000015	 0	22329.000000000004
131400	22329.000000000015	 0	22328.999999999996
131600	22329.000000000007	 0	22329.000000000015
131800	22329.00000000001	 0	22328.999999999985
132000	22329.00000000001	 0	22329.0
132200	22329.00000000001	 0	22328.999999999996
132400	22329.00000000001	 0	22329.000000000007
132600	22329.00000000001	 0	22329.0
132800	22329.00000000001	 0	22329.0
133000	22329.000000000007	 0	22329.0
133200	22329.00000000001	 0	22329.000000000007
133400	22329.00000000001	 0	22328.99999999998
133600	22329.00000000001	 0	22329.0
133800	22329.00000000001	 0	22329.0
134000	22329.00000000001	 0	22329.00000000001
134200	22329.00000000001	 0	22329.0
134400	22329.00000000001	 0	22329.000000000007
134600	22329.00000000001	 0	22329.000000000007
134800	22329.00000000001	 0	22328.999999999996
135000	22329.00000000001	 0	22329.00000000001
135200	22329.00000000001	 0	22329.000000000004
135400	22329.00000000001	 0	22329.000000000015
135600	22329.000000000007	 0	22328.99999999999
135800	22329.000000000007	 0	22328.999999999985
136000	22329.000000000007	 0	22329.000000000004
136200	22329.00000000001	 0	22329.0
136400	22329.00000000001	 0	22329.000000000004
136600	22329.00000000001	 0	22329.0
136800	22329.000000000015	 0	22329.000000000004
137000	22329.000000000015	 0	22329.000000000007
137200	22329.00000000001	 0	22329.000000000004
137400	22329.000000000007	 0	22329.000000000007
137600	22329.000000000007	 0	22328.999999999996
137800	22329.00000000001	 0	22328.999999999996
138000	22329.000000000015	 0	22329.000000000007
138200	22329.00000000001	 0	22329.000000000004
138400	22329.000000000007	 0	22329.000000000004
138600	22329.00000000001	 0	22329.0
138800	22329.00000000001	 0	22328.99999999999
139000	22329.00000000001	 0	22329.000000000007
139200	22329.00000000001	 0	22328.999999999996
139400	22329.000000000007	 0	22328.999999999993
139600	22329.000000000007	 0	22328.999999999993
139800	22329.000000000007	 0	22329.000000000007
140000	22329.00000000001	 0	22329.000000000004
140200	22329.00000000001	 0	22328.999999999996
140400	22329.000000000007	 0	22329.0
140600	22329.000000000007	 0	22329.000000000015
140800	22329.000000000007	 0	22329.0
141000	22329.000000000007	 0	22329.000000000007
141200	22329.000000000004	 0	22328.999999999996
141400	22329.000000000007	 0	22329.000000000007
141600	22329.000000000007	 0	22329.000000000007
141800	22329.000000000007	 0	22328.99999999999
142000	22329.000000000007	 0	22328.99999999998
142200	22329.000000000007	 0	22329.000000000007
142400	22329.00000000001	 0	22329.0
142600	22329.00000000001	 0	22329.000000000015
142800	22329.00000000001	 0	22329.00000000001
143000	22329.00000000001	 0	22328.999999999996
143200	22329.000000000007	 0	22329.000000000004
143400	22329.000000000007	 0	22328.999999999993
143600	22329.000000000007	 0	22329.0
143800	22329.000000000004	 0	22329.0
144000	22329.000000000004	 0	22329.0
144200	22329.000000000004	 0	22329.000000000004
144400	22329.000000000004	 0	22329.00000000002
144600	22329.000000000004	 0	22328.99999999999
144800	22329.000000000007	 0	22328.999999999996
145000	22329.000000000004	 0	22328.999999999996
145200	22329.000000000004	 0	22329.0
145400	22329.0	 0	22329.000000000007
145600	22329.0	 0	22328.999999999993
145800	22329.000000000004	 0	22329.000000000004
146000	22329.000000000007	 0	22328.999999999996
146200	22329.000000000004	 0	22328.99999999999
146400	22329.0	 0	22328.999999999993
146600	22329.0	 0	22329.0
146800	22329.000000000004	 0	22328.99999999999
147000	22329.000000000004	 0	22328.999999999993
147200	22329.000000000004	 0	22328.999999999996
147400	22329.000000000004	 0	22328.999999999996
147600	22329.000000000004	 0	22328.999999999996
147800	22329.000000000007	 0	22328.999999999985
148000	22329.000000000007	 0	22329.0
148200	22329.000000000004	 0	22329.000000000004
148400	22329.000000000004	 0	22329.0
148600	22329.000000000004	 0	22328.999999999996
148800	22329.000000000007	 0	22328.999999999993
149000	22329.000000000007	 0	22329.0
149200	22329.000000000007	 0	22329.000000000004
149400	22329.000000000007	 0	22328.99999999999
149600	22329.000000000007	 0	22329.000000000004
149800	22329.000000000007	 0	22328.999999999996
150000	22329.000000000007	 0	22328.999999999996
150200	22329.000000000004	 0	22328.99999999999
150400	22329.0	 0	22329.000000000007
150600	22329.000000000004	 0	22329.0
150800	22329.000000000004	 0	22328.999999999993
151000	22329.000000000004	 0	22328.999999999996
151200	22329.0	 0	22329.0
151400	22329.000000000004	 0	22329.0
151600	22329.000000000004	 0	22328.999999999996
151800	22329.000000000004	 0	22329.000000000004
152000	22329.000000000004	 0	22328.999999999996
152200	22329.000000000004	 0	22329.0
152400	22329.000000000004	 0	22328.999999999996
152600	22329.0	 0	22329.0
152800	22329.0	 0	22328.999999999985
153000	22329.0	 0	22329.0
153200	22328.999999999996	 0	22328.999999999985
153400	22328.999999999996	 0	22329.0
153600	22328.999999999996	 0	22329.0
153800	22329.0	 0	22329.0
154000	22329.0	 0	22328.999999999996
154200	22329.000000000007	 0	22328.99999999999
154400	22329.000000000007	 0	22328.99999999999
154600	22329.000000000004	 0	22329.000000000007
154800	22329.000000000007	 0	22328.999999999978
155000	22329.000000000007	 0	22328.99999999998
155200	22329.0	 0	22328.999999999985
155400	22329.000000000004	 0	22328.999999999985
155600	22329.000000000004	 0	22329.000000000004
155800	22329.0	 0	22328.999999999996
156000	22328.999999999996	 0	22329.0
156200	22329.0	 0	22328.999999999993
156400	22329.0	 0	22329.000000000007
156600	22329.000000000004	 0	22328.999999999993
156800	22329.0	 0	22328.999999999993
157000	22329.0	 0	22329.0
157200	22328.999999999996	 0	22328.999999999993
157400	22329.000000000004	 0	22328.999999999985
157600	22329.0	 0	22328.99999999999
157800	22329.0	 0	22328.999999999985
158000	22329.0	 0	22328.999999999996
158200	22329.000000000004	 0	22329.0
158400	22329.000000000004	 0	22328.99999999999
158600	22329.000000000007	 0	22328.99999999998
158800	22329.000000000007	 0	22328.999999999996
159000	22329.000000000007	 0	22328.999999999996
159200	22329.000000000007	 0	22329.0
159400	22329.000000000007	 0	22329.0
159600	22329.0	 0	22329.0
159800	22329.0	 0	22328.99999999999
160000	22329.000000000004	 0	22329.0
160200	22329.000000000004	 0	22328.99999999999
160400	22328.999999999996	 0	22329.0
160600	22328.999999999996	 0	22328.99999999998
160800	22328.999999999996	 0	22328.99999999998
161000	22328.999999999996	 0	22328.999999999996
161200	22329.000000000004	 0	22328.999999999993
161400	22329.000000000007	 0	22328.999999999985
161600	22329.000000000004	 0	22328.999999999996
161800	22329.0	 0	22329.00000000001
162000	22329.0	 0	22328.999999999996
162200	22329.0	 0	22329.0
162400	22329.0	 0	22329.0
162600	22329.0	 0	22329.000000000004
162800	22329.000000000007	 0	22328.999999999993
163000	22329.000000000004	 0	22328.99999999998
163200	22329.000000000004	 0	22329.000000000004
163400	22329.0	 0	22328.99999999999
163600	22329.0	 0	22329.0
163800	22329.0	 0	22328.999999999996
164000	22329.000000000004	 0	22328.999999999985
164200	22329.000000000004	 0	22329.0
164400	22329.000000000004	 0	22328.999999999993
164600	22329.000000000007	 0	22329.000000000007
164800	22329.000000000004	 0	22328.999999999993
165000	22329.000000000004	 0	22328.999999999993
165200	22329.000000000004	 0	22329.0
165400	22329.000000000004	 0	22328.999999999993
165600	22329.000000000004	 0	22328.99999999998
165800	22329.000000000004	 0	22329.00000000001
166000	22329.0	 0	22328.99999999999
166200	22329.0	 0	22329.000000000007
166400	22329.0	 0	22329.000000000007
166600	22329.0	 0	22328.99999999998
166800	22329.0	 0	22329.00000000001
167000	22329.000000000004	 0	22328.999999999996
167200	22329.0	 0	22328.999999999996
167400	22329.0	 0	22328.99999999999
167600	22329.0	 0	22328.99999999999
167800	22329.0	 0	22328.99999999998
168000	22328.999999999996	 0	22329.000000000004
168200	22328.999999999996	 0	22328.999999999985
168400	22329.0	 0	22328.99999999999
168600	22329.000000000007	 0	22328.999999999996
168800	22329.000000000004	 0	22328.999999999985
169000	22329.000000000004	 0	22328.99999999999
169200	22329.000000000004	 0	22329.000000000007
169400	22329.000000000004	 0	22328.999999999985
169600	22329.000000000004	 0	22328.999999999993
169800	22329.000000000004	 0	22329.00000000001
170000	22329.000000000004	 0	22329.0
170200	22329.0	 0	22328.999999999985
170400	22329.0	 0	22329.0
170600	22328.999999999996	 0	22328.99999999999
170800	22329.0	 0	22328.999999999996
171000	22329.0	 0	22328.999999999996
171200	22329.0	 0	22328.999999999993
171400	22329.0	 0	22328.999999999996
171600	22329.000000000007	 0	22328.999999999993
171800	22329.000000000007	 0	22329.0
172000	22329.000000000004	 0	22328.999999999985
172200	22329.000000000004	 0	22328.99999999999
172400	22329.0	 0	22328.999999999996
172600	22329.0	 0	22328.999999999996
172800	22329.000000000007	 0	22329.00000000001
173000	22329.000000000007	 0	22328.999999999985
173200	22329.000000000004	 0	22329.0
173400	22329.000000000004	 0	22328.999999999978
173600	22329.000000000007	 0	22328.999999999985
173800	22329.000000000007	 0	22328.999999999985
174000	22329.000000000007	 0	22328.99999999999
174200	22329.000000000004	 0	22328.999999999993
174400	22329.000000000004	 0	22328.999999999993
174600	22329.000000000004	 0	22328.99999999999
174800	22329.0	 0	22328.999999999996
175000	22329.0	 0	22328.999999999985
175200	22329.0	 0	22328.99999999998
175400	22329.0	 0	22328.999999999985
175600	22329.000000000004	 0	22329.000000000004
175800	22329.000000000004	 0	22328.999999999996
176000	22329.000000000004	 0	22329.0
176200	22329.000000000004	 0	22328.99999999999
176400	22329.000000000004	 0	22329.000000000004
176600	22329.000000000007	 0	22328.999999999996
176800	22329.000000000007	 0	22329.000000000004
177000	22329.000000000007	 0	22329.000000000004
177200	22329.000000000007	 0	22329.000000000007
177400	22329.0	 0	22328.999999999996
177600	22329.0	 0	22328.999999999993
177800	22329.000000000004	 0	22328.999999999978
178000	22329.000000000004	 0	22328.99999999999
178200	22329.00000000001	 0	22328.99999999999
178400	22329.00000000001	 0	22328.999999999993
178600	22329.00000000001	 0	22328.999999999996
178800	22329.000000000007	 0	22329.0
179000	22329.000000000007	 0	22328.999999999978
179200	22329.0	 0	22329.000000000004
179400	22329.0	 0	22328.99999999998
179600	22329.000000000004	 0	22328.999999999993
179800	22329.000000000004	 0	22328.99999999999
180000	22329.000000000004	 0	22328.99999999998
180200	22329.000000000004	 0	22328.999999999996
180400	22329.000000000004	 0	22328.999999999996
180600	22329.000000000007	 0	22328.99999999999
180800	22329.000000000007	 0	22328.999999999996
181000	22329.000000000004	 0	22328.99999999998
181200	22329.000000000004	 0	22328.99999999999
181400	22329.000000000004	 0	22329.00000000001
181600	22329.000000000004	 0	22328.999999999985
181800	22329.0	 0	22328.99999999999
182000	22329.0	 0	22329.0
182200	22329.0	 0	22329.000000000004
182400	22329.0	 0	22328.99999999999
182600	22329.0	 0	22328.999999999985
182800	22329.0	 0	22328.99999999999
183000	22329.0	 0	22328.999999999996
183200	22329.000000000004	 0	22329.0
183400	22329.000000000004	 0	22328.999999999993
183600	22329.000000000004	 0	22328.999999999993
183800	22329.000000000007	 0	22328.99999999999
184000	22329.000000000007	 0	22328.999999999993
184200	22329.000000000007	 0	22329.000000000004
184400	22329.000000000007	 0	22328.99999999999
184600	22329.000000000007	 0	22328.999999999985
184800	22329.000000000007	 0	22328.99999999998
185000	22329.000000000004	 0	22328.999999999996
185200	22329.000000000007	 0	22329.0
185400	22329.000000000007	 0	22329.0
185600	22329.000000000004	 0	22328.999999999996
185800	22329.000000000004	 0	22328.999999999993
186000	22329.000000000004	 0	22328.999999999967
186200	22329.000000000004	 0	22328.999999999993
186400	22329.000000000007	 0	22328.999999999985
186600	22329.000000000007	 0	22328.999999999993
186800	22329.000000000007	 0	22328.999999999993
187000	22329.000000000007	 0	22329.0
187200	22329.000000000004	 0	22328.999999999993
187400	22329.000000000004	 0	22328.999999999993
187600	22328.999999999996	 0	22329.000000000004
187800	22328.999999999996	 0	22329.0
188000	22329.000000000004	 0	22328.999999999996
188200	22329.000000000004	 0	22328.999999999993
188400	22329.0	 0	22328.999999999993
188600	22329.000000000004	 0	22328.999999999985
188800	22329.000000000004	 0	22328.999999999996
189000	22329.000000000007	 0	22328.999999999985
189200	22329.000000000007	 0	22328.999999999985
189400	22329.000000000004	 0	22328.99999999998
189600	22329.000000000004	 0	22328.999999999993
189800	22329.000000000004	 0	22329.000000000004
190000	22329.000000000007	 0	22328.999999999993
190200	22329.000000000004	 0	22328.999999999996
190400	22329.000000000007	 0	22328.99999999997
190600	22329.00000000001	 0	22329.000000000007
190800	22329.00000000001	 0	22329.0
191000	22329.00000000001	 0	22328.999999999993
191200	22329.000000000007	 0	22329.0
191400	22329.000000000004	 0	22328.999999999993
191600	22329.000000000004	 0	22328.99999999999
191800	22329.000000000004	 0	22328.99999999999
192000	22329.000000000004	 0	22328.999999999975
192200	22329.0	 0	22328.99999999999
192400	22329.0	 0	22328.99999999999
192600	22329.0	 0	22329.0
192800	22329.0	 0	22328.999999999996
193000	22329.0	 0	22329.0
193200	22329.000000000007	 0	22328.999999999985
193400	22329.000000000004	 0	22328.999999999996
193600	22329.000000000004	 0	22329.0
193800	22329.000000000004	 0	22328.999999999996
194000	22329.000000000004	 0	22329.000000000004
194200	22329.000000000004	 0	22328.99999999999
194400	22329.000000000004	 0	22329.0
194600	22329.0	 0	22328.999999999975
194800	22329.0	 0	22328.99999999999
195000	22328.999999999996	 0	22328.999999999996
195200	22328.999999999996	 0	22328.999999999985
195400	22328.999999999996	 0	22328.999999999985
195600	22329.0	 0	22328.999999999996
195800	22329.0	 0	22329.0
196000	22329.0	 0	22328.99999999998
196200	22329.000000000004	 0	22329.0
196400	22329.0	 0	22328.999999999993
196600	22329.0	 0	22329.000000000004
196800	22329.000000000004	 0	22328.99999999998
197000	22329.000000000004	 0	22328.99999999998
197200	22329.000000000004	 0	22328.999999999975
197400	22329.000000000004	 0	22328.99999999998
197600	22328.999999999996	 0	22328.99999999999
197800	22328.999999999996	 0	22328.999999999993
198000	22328.999999999996	 0	22328.999999999978
198200	22329.0	 0	22328.999999999993
198400	22329.0	 0	22328.999999999996
198600	22329.000000000007	 0	22328.99999999999
198800	22329.000000000007	 0	22328.999999999996
199000	22329.0	 0	22328.999999999996
199200	22329.0	 0	22328.999999999985
199400	22329.0	 0	22328.99999999998
199600	22329.0	 0	22328.999999999993
199800	22329.0	 0	22328.999999999985
200000	22329.0	 0	22328.999999999985
